The MPI test test_mpi for CXX in mode normal failed to compile with the following output:
Change Dir: /cygdrive/c/Users/seven/Documents/github/pds/HWA5/cmake-build-debug/CMakeFiles/CMakeScratch/TryCompile-PdS5zu

Run Build Command(s):/usr/bin/make.exe -f Makefile cmTC_77f2f/fast && /usr/bin/make  -f CMakeFiles/cmTC_77f2f.dir/build.make CMakeFiles/cmTC_77f2f.dir/build
make[1]: Entering directory '/cygdrive/c/Users/seven/Documents/github/pds/HWA5/cmake-build-debug/CMakeFiles/CMakeScratch/TryCompile-PdS5zu'
Building CXX object CMakeFiles/cmTC_77f2f.dir/test_mpi.cpp.o
/usr/bin/g++.exe   -fdiagnostics-color=always -fexceptions -o CMakeFiles/cmTC_77f2f.dir/test_mpi.cpp.o -c /cygdrive/c/Users/seven/Documents/github/pds/HWA5/cmake-build-debug/CMakeFiles/CMakeScratch/TryCompile-PdS5zu/test_mpi.cpp
Linking CXX executable cmTC_77f2f.exe
/cygdrive/c/Users/seven/AppData/Local/JetBrains/CLion2023.1/cygwin_cmake/bin/cmake.exe -E cmake_link_script CMakeFiles/cmTC_77f2f.dir/link.txt --verbose=1
/usr/bin/g++.exe -Wl,--enable-auto-import  CMakeFiles/cmTC_77f2f.dir/test_mpi.cpp.o -o cmTC_77f2f.exe -Wl,--out-implib,libcmTC_77f2f.dll.a -Wl,--major-image-version,0,--minor-image-version,0  -lMPI_mpi_cxx_LIBRARY-NOTFOUND /usr/lib/libmpi.dll.a /usr/lib/libopen-rte.dll.a /usr/lib/libopen-pal.dll.a /usr/lib/libm.a /usr/lib/w32api/libgdi32.a 
/usr/lib/gcc/x86_64-pc-cygwin/11/../../../../x86_64-pc-cygwin/bin/ld: cannot find -lMPI_mpi_cxx_LIBRARY-NOTFOUND: No such file or directory
collect2: error: ld returned 1 exit status
make[1]: *** [CMakeFiles/cmTC_77f2f.dir/build.make:104: cmTC_77f2f.exe] Error 1
make[1]: Leaving directory '/cygdrive/c/Users/seven/Documents/github/pds/HWA5/cmake-build-debug/CMakeFiles/CMakeScratch/TryCompile-PdS5zu'
make: *** [Makefile:127: cmTC_77f2f/fast] Error 2



